<?xml version="1.0" encoding="UTF-8"?>
<testsuite xmlns:xsi="http://www.w3.org/2001/XMLSchema-instance" xsi:noNamespaceSchemaLocation="https://maven.apache.org/surefire/maven-surefire-plugin/xsd/surefire-test-report-3.0.xsd" version="3.0" name="com.invinciblegame.controller.AuthControllerIntegrationTest" time="12.351" tests="6" errors="1" skipped="0" failures="0">
  <properties>
[...]
</properties>
  <testcase name="register_shouldFail_whenUsernameExists" classname="com.invinciblegame.controller.AuthControllerIntegrationTest" time="1.088">
    <system-out><![CDATA[15:24:45.745 [main] INFO org.springframework.test.context.support.AnnotationConfigContextLoaderUtils -- Could not detect default configuration classes for test class [com.invinciblegame.controller.AuthControllerIntegrationTest]: AuthControllerIntegrationTest does not declare any static, non-private, non-final, nested classes annotated with @Configuration.
15:24:45.890 [main] INFO org.springframework.boot.test.context.SpringBootTestContextBootstrapper -- Found @SpringBootConfiguration com.invinciblegame.InvincibleGameApplication for test class com.invinciblegame.controller.AuthControllerIntegrationTest

  .   ____          _            __ _ _
 /\\ / ___'_ __ _ _(_)_ __  __ _ \ \ \ \
( ( )\___ | '_ | '_| | '_ \/ _` | \ \ \ \
 \\/  ___)| |_)| | | | | || (_| |  ) ) ) )
  '  |____| .__|_| |_|_| |_\__, | / / / /
 =========|_|==============|___/=/_/_/_/

 :: Spring Boot ::                (v3.3.5)

2026-05-07T15:24:46.381+07:00  INFO 25644 --- [invincible-game-backend] [           main] c.i.c.AuthControllerIntegrationTest      : Starting AuthControllerIntegrationTest using Java 21.0.2 with PID 25644 (started by ccfer in C:\Users\ccfer\OneDrive\Bureau\Bureau\ISIS\FIE4\S8\PSU\Software Deployment and Maintenance\Projet-Cursor\src\backend)
2026-05-07T15:24:46.383+07:00  INFO 25644 --- [invincible-game-backend] [           main] c.i.c.AuthControllerIntegrationTest      : The following 1 profile is active: "test"
2026-05-07T15:24:47.464+07:00  INFO 25644 --- [invincible-game-backend] [           main] .s.d.r.c.RepositoryConfigurationDelegate : Bootstrapping Spring Data JPA repositories in DEFAULT mode.
2026-05-07T15:24:47.554+07:00  INFO 25644 --- [invincible-game-backend] [           main] .s.d.r.c.RepositoryConfigurationDelegate : Finished Spring Data repository scanning in 81 ms. Found 7 JPA repository interfaces.
2026-05-07T15:24:48.875+07:00  INFO 25644 --- [invincible-game-backend] [           main] o.s.b.w.embedded.tomcat.TomcatWebServer  : Tomcat initialized with port 0 (http)
2026-05-07T15:24:48.892+07:00  INFO 25644 --- [invincible-game-backend] [           main] o.apache.catalina.core.StandardService   : Starting service [Tomcat]
2026-05-07T15:24:48.892+07:00  INFO 25644 --- [invincible-game-backend] [           main] o.apache.catalina.core.StandardEngine    : Starting Servlet engine: [Apache Tomcat/10.1.31]
2026-05-07T15:24:48.972+07:00  INFO 25644 --- [invincible-game-backend] [           main] o.a.c.c.C.[Tomcat].[localhost].[/]       : Initializing Spring embedded WebApplicationContext
2026-05-07T15:24:48.973+07:00  INFO 25644 --- [invincible-game-backend] [           main] w.s.c.ServletWebServerApplicationContext : Root WebApplicationContext: initialization completed in 2569 ms
2026-05-07T15:24:49.740+07:00  INFO 25644 --- [invincible-game-backend] [           main] o.hibernate.jpa.internal.util.LogHelper  : HHH000204: Processing PersistenceUnitInfo [name: default]
2026-05-07T15:24:49.975+07:00  INFO 25644 --- [invincible-game-backend] [           main] org.hibernate.Version                    : HHH000412: Hibernate ORM core version 6.5.3.Final
2026-05-07T15:24:50.031+07:00  INFO 25644 --- [invincible-game-backend] [           main] o.h.c.internal.RegionFactoryInitiator    : HHH000026: Second-level cache disabled
2026-05-07T15:24:50.417+07:00  INFO 25644 --- [invincible-game-backend] [           main] o.s.o.j.p.SpringPersistenceUnitInfo      : No LoadTimeWeaver setup: ignoring JPA class transformer
2026-05-07T15:24:50.450+07:00  INFO 25644 --- [invincible-game-backend] [           main] com.zaxxer.hikari.HikariDataSource       : HikariPool-1 - Starting...
2026-05-07T15:24:50.634+07:00  INFO 25644 --- [invincible-game-backend] [           main] com.zaxxer.hikari.pool.HikariPool        : HikariPool-1 - Added connection conn0: url=jdbc:h2:mem:testdb user=SA
2026-05-07T15:24:50.636+07:00  INFO 25644 --- [invincible-game-backend] [           main] com.zaxxer.hikari.HikariDataSource       : HikariPool-1 - Start completed.
2026-05-07T15:24:51.849+07:00  INFO 25644 --- [invincible-game-backend] [           main] o.h.e.t.j.p.i.JtaPlatformInitiator       : HHH000489: No JTA platform available (set 'hibernate.transaction.jta.platform' to enable JTA platform integration)
Hibernate: drop table if exists battle_turns cascade 
Hibernate: drop table if exists battles cascade 
Hibernate: drop table if exists bosses cascade 
Hibernate: drop table if exists characters cascade 
Hibernate: drop table if exists deck_characters cascade 
Hibernate: drop table if exists decks cascade 
Hibernate: drop table if exists user_characters cascade 
Hibernate: drop table if exists users cascade 
Hibernate: create table battle_turns (damage_dealt integer, turn_number integer, actor_id bigint, battle_id bigint not null, id bigint generated by default as identity, target_id bigint, action_description varchar(500), action_type enum ('ATTACK','DESPERATION','FOCUS','PHASE_EVENT','SKILL'), primary key (id))
Hibernate: create table battles (boss_current_hp integer, is_hardcore boolean, reward_claimed boolean, team_current_hp integer, turns_taken integer, boss_id bigint not null, created_at timestamp(6), deck_id bigint not null, ended_at timestamp(6), id bigint generated by default as identity, user_id bigint not null, battle_state_json TEXT, reward_options_json TEXT, result enum ('DRAW','IN_PROGRESS','LOSE','WIN'), primary key (id))
Hibernate: create table bosses (attack integer, defense integer, hardcore_multiplier float(53), max_hp integer, speed integer, id bigint generated by default as identity, description varchar(500), image_url varchar(512), name varchar(255), difficulty enum ('EASY','HARD','LEGENDARY','MEDIUM'), primary key (id))
Hibernate: create table characters (attack integer, defense integer, is_playable boolean, max_hp integer, speed integer, id bigint generated by default as identity, image_url varchar(512), faction varchar(255), name varchar(255), passive_key varchar(255), passive_value varchar(255), rarity enum ('COMMON','EPIC','LEGENDARY','RARE'), primary key (id))
Hibernate: create table deck_characters (character_id bigint not null, deck_id bigint not null, primary key (character_id, deck_id))
Hibernate: create table decks (is_active boolean, slot_number integer, id bigint generated by default as identity, user_id bigint not null, description varchar(255), name varchar(255) not null, primary key (id))
Hibernate: create table user_characters (ability_upgrade_index integer, duplicate_count integer, level integer, character_id bigint not null, id bigint generated by default as identity, unlocked_at timestamp(6), user_id bigint not null, primary key (id))
Hibernate: create table users (energy integer not null, welcome_pull_claimed boolean, created_at timestamp(6) not null, id bigint generated by default as identity, last_daily_pull_at timestamp(6), last_energy_update timestamp(6), username varchar(50) not null unique, email varchar(100) not null unique, password_hash varchar(255) not null, role enum ('ADMIN','PLAYER') not null, primary key (id))
Hibernate: alter table if exists battle_turns add constraint FKjtylyg37pq9smkh3t74v1jmec foreign key (battle_id) references battles
Hibernate: alter table if exists battles add constraint FK6mqoy074e4map31scc01rbsc5 foreign key (boss_id) references bosses
Hibernate: alter table if exists battles add constraint FKfutkfn0m6m6vij57wbmx7il8y foreign key (deck_id) references decks
Hibernate: alter table if exists battles add constraint FKr6or1oaarm9c2w6efa2moaks0 foreign key (user_id) references users
Hibernate: alter table if exists deck_characters add constraint FK9mpeho7anxjdvka4jhb67lbvm foreign key (character_id) references characters
Hibernate: alter table if exists deck_characters add constraint FKk25sgypqcgix4qjoye0t9evw9 foreign key (deck_id) references decks
Hibernate: alter table if exists decks add constraint FKj0ey511pphfxbxbh8ri1616uv foreign key (user_id) references users
Hibernate: alter table if exists user_characters add constraint FK7ajwu1hu3crrmmpu0m5uy1gyp foreign key (character_id) references characters
Hibernate: alter table if exists user_characters add constraint FKrbc83ct95gaoxhuv2t19dp05d foreign key (user_id) references users
2026-05-07T15:24:51.937+07:00  INFO 25644 --- [invincible-game-backend] [           main] j.LocalContainerEntityManagerFactoryBean : Initialized JPA EntityManagerFactory for persistence unit 'default'
2026-05-07T15:24:53.172+07:00  INFO 25644 --- [invincible-game-backend] [           main] o.s.d.j.r.query.QueryEnhancerFactory     : Hibernate is in classpath; If applicable, HQL parser will be used.
2026-05-07T15:24:54.398+07:00  WARN 25644 --- [invincible-game-backend] [           main] JpaBaseConfiguration$JpaWebConfiguration : spring.jpa.open-in-view is enabled by default. Therefore, database queries may be performed during view rendering. Explicitly configure spring.jpa.open-in-view to disable this warning
2026-05-07T15:24:54.491+07:00  WARN 25644 --- [invincible-game-backend] [           main] .s.s.UserDetailsServiceAutoConfiguration : 

Using generated security password: 2a30d330-86a0-44d9-b067-06045fc58799

This generated password is for development use only. Your security configuration must be updated before running your application in production.

2026-05-07T15:24:54.511+07:00  INFO 25644 --- [invincible-game-backend] [           main] r$InitializeUserDetailsManagerConfigurer : Global AuthenticationManager configured with UserDetailsService bean with name inMemoryUserDetailsManager
2026-05-07T15:24:55.151+07:00  INFO 25644 --- [invincible-game-backend] [           main] o.s.b.a.e.web.EndpointLinksResolver      : Exposing 1 endpoint beneath base path '/actuator'
2026-05-07T15:24:55.900+07:00  INFO 25644 --- [invincible-game-backend] [           main] o.s.b.w.embedded.tomcat.TomcatWebServer  : Tomcat started on port 64874 (http) with context path '/'
2026-05-07T15:24:55.916+07:00  INFO 25644 --- [invincible-game-backend] [           main] c.i.c.AuthControllerIntegrationTest      : Started AuthControllerIntegrationTest in 9.869 seconds (process running for 10.925)
Hibernate: select u1_0.id,u1_0.created_at,u1_0.email,u1_0.energy,u1_0.last_daily_pull_at,u1_0.last_energy_update,u1_0.password_hash,u1_0.role,u1_0.username,u1_0.welcome_pull_claimed from users u1_0
2026-05-07T15:24:56.646+07:00  INFO 25644 --- [invincible-game-backend] [o-auto-1-exec-1] o.a.c.c.C.[Tomcat].[localhost].[/]       : Initializing Spring DispatcherServlet 'dispatcherServlet'
2026-05-07T15:24:56.646+07:00  INFO 25644 --- [invincible-game-backend] [o-auto-1-exec-1] o.s.web.servlet.DispatcherServlet        : Initializing Servlet 'dispatcherServlet'
2026-05-07T15:24:56.648+07:00  INFO 25644 --- [invincible-game-backend] [o-auto-1-exec-1] o.s.web.servlet.DispatcherServlet        : Completed initialization in 1 ms
Hibernate: select u1_0.id from users u1_0 where u1_0.username=? fetch first ? rows only
Hibernate: select u1_0.id from users u1_0 where u1_0.email=? fetch first ? rows only
Hibernate: insert into users (created_at,email,energy,last_daily_pull_at,last_energy_update,password_hash,role,username,welcome_pull_claimed,id) values (?,?,?,?,?,?,?,?,?,default)
Hibernate: select u1_0.id from users u1_0 where u1_0.username=? fetch first ? rows only
]]></system-out>
    <system-err><![CDATA[WARNING: A Java agent has been loaded dynamically (C:\Users\ccfer\.m2\repository\net\bytebuddy\byte-buddy-agent\1.14.19\byte-buddy-agent-1.14.19.jar)
WARNING: If a serviceability tool is in use, please run with -XX:+EnableDynamicAgentLoading to hide this warning
WARNING: If a serviceability tool is not in use, please run with -Djdk.instrument.traceUsage for more information
WARNING: Dynamic loading of agents will be disallowed by default in a future release
]]></system-err>
  </testcase>
  <testcase name="login_shouldFail_whenPasswordInvalid" classname="com.invinciblegame.controller.AuthControllerIntegrationTest" time="0.22">
    <error message="I/O error on POST request for &quot;http://localhost:64874/api/auth/login&quot;: cannot retry due to server authentication, in streaming mode" type="org.springframework.web.client.ResourceAccessException"><![CDATA[org.springframework.web.client.ResourceAccessException: I/O error on POST request for "http://localhost:64874/api/auth/login": cannot retry due to server authentication, in streaming mode
	at org.springframework.web.client.RestTemplate.createResourceAccessException(RestTemplate.java:915)
	at org.springframework.web.client.RestTemplate.doExecute(RestTemplate.java:895)
	at org.springframework.web.client.RestTemplate.execute(RestTemplate.java:790)
	at org.springframework.web.client.RestTemplate.postForEntity(RestTemplate.java:538)
	at org.springframework.boot.test.web.client.TestRestTemplate.postForEntity(TestRestTemplate.java:453)
	at com.invinciblegame.controller.AuthControllerIntegrationTest.login_shouldFail_whenPasswordInvalid(AuthControllerIntegrationTest.java:79)
	at java.base/java.lang.reflect.Method.invoke(Method.java:580)
	at java.base/java.util.ArrayList.forEach(ArrayList.java:1596)
	at java.base/java.util.ArrayList.forEach(ArrayList.java:1596)
Caused by: java.net.HttpRetryException: cannot retry due to server authentication, in streaming mode
	at java.base/sun.net.www.protocol.http.HttpURLConnection.getInputStream0(HttpURLConnection.java:1796)
	at java.base/sun.net.www.protocol.http.HttpURLConnection.getInputStream(HttpURLConnection.java:1599)
	at java.base/java.net.HttpURLConnection.getResponseCode(HttpURLConnection.java:531)
	at org.springframework.http.client.SimpleClientHttpResponse.getStatusCode(SimpleClientHttpResponse.java:55)
	at org.springframework.web.client.ClientHttpResponseDecorator.getStatusCode(ClientHttpResponseDecorator.java:55)
	at org.springframework.web.client.IntrospectingClientHttpResponse.hasMessageBody(IntrospectingClientHttpResponse.java:60)
	at org.springframework.web.client.HttpMessageConverterExtractor.extractData(HttpMessageConverterExtractor.java:91)
	at org.springframework.web.client.RestTemplate$ResponseEntityResponseExtractor.extractData(RestTemplate.java:1159)
	at org.springframework.web.client.RestTemplate$ResponseEntityResponseExtractor.extractData(RestTemplate.java:1142)
	at org.springframework.web.client.RestTemplate.doExecute(RestTemplate.java:892)
	... 7 more
]]></error>
    <system-out><![CDATA[Hibernate: select u1_0.id from users u1_0 where u1_0.username=? fetch first ? rows only
Hibernate: select u1_0.id from users u1_0 where u1_0.email=? fetch first ? rows only
Hibernate: insert into users (created_at,email,energy,last_daily_pull_at,last_energy_update,password_hash,role,username,welcome_pull_claimed,id) values (?,?,?,?,?,?,?,?,?,default)
Hibernate: select u1_0.id,u1_0.created_at,u1_0.email,u1_0.energy,u1_0.last_daily_pull_at,u1_0.last_energy_update,u1_0.password_hash,u1_0.role,u1_0.username,u1_0.welcome_pull_claimed from users u1_0 where u1_0.username=?
]]></system-out>
  </testcase>
  <testcase name="register_shouldCreateNewUser" classname="com.invinciblegame.controller.AuthControllerIntegrationTest" time="0.134">
    <system-out><![CDATA[Hibernate: select u1_0.id from users u1_0 where u1_0.username=? fetch first ? rows only
Hibernate: select u1_0.id from users u1_0 where u1_0.email=? fetch first ? rows only
Hibernate: insert into users (created_at,email,energy,last_daily_pull_at,last_energy_update,password_hash,role,username,welcome_pull_claimed,id) values (?,?,?,?,?,?,?,?,?,default)
Hibernate: select u1_0.id,u1_0.created_at,u1_0.email,u1_0.energy,u1_0.last_daily_pull_at,u1_0.last_energy_update,u1_0.password_hash,u1_0.role,u1_0.username,u1_0.welcome_pull_claimed from users u1_0 where u1_0.username=?
]]></system-out>
  </testcase>
  <testcase name="me_shouldReturnProfile_whenAuthenticated" classname="com.invinciblegame.controller.AuthControllerIntegrationTest" time="0.202">
    <system-out><![CDATA[Hibernate: select u1_0.id from users u1_0 where u1_0.username=? fetch first ? rows only
Hibernate: select u1_0.id from users u1_0 where u1_0.email=? fetch first ? rows only
Hibernate: insert into users (created_at,email,energy,last_daily_pull_at,last_energy_update,password_hash,role,username,welcome_pull_claimed,id) values (?,?,?,?,?,?,?,?,?,default)
Hibernate: select u1_0.id,u1_0.created_at,u1_0.email,u1_0.energy,u1_0.last_daily_pull_at,u1_0.last_energy_update,u1_0.password_hash,u1_0.role,u1_0.username,u1_0.welcome_pull_claimed from users u1_0 where u1_0.username=?
Hibernate: select u1_0.id,u1_0.created_at,u1_0.email,u1_0.energy,u1_0.last_daily_pull_at,u1_0.last_energy_update,u1_0.password_hash,u1_0.role,u1_0.username,u1_0.welcome_pull_claimed from users u1_0 where u1_0.username=?
Hibernate: update users set email=?,energy=?,last_daily_pull_at=?,last_energy_update=?,password_hash=?,role=?,username=?,welcome_pull_claimed=? where id=?
Hibernate: select count(*) from bosses b1_0
Hibernate: select count(distinct b1_0.boss_id) from battles b1_0 where b1_0.user_id=? and b1_0.result='WIN' and b1_0.is_hardcore=false
]]></system-out>
  </testcase>
  <testcase name="me_shouldReturn401_whenNotAuthenticated" classname="com.invinciblegame.controller.AuthControllerIntegrationTest" time="0.021"/>
  <testcase name="login_shouldReturnToken_whenCredentialsValid" classname="com.invinciblegame.controller.AuthControllerIntegrationTest" time="0.201">
    <system-out><![CDATA[Hibernate: select u1_0.id from users u1_0 where u1_0.username=? fetch first ? rows only
Hibernate: select u1_0.id from users u1_0 where u1_0.email=? fetch first ? rows only
Hibernate: insert into users (created_at,email,energy,last_daily_pull_at,last_energy_update,password_hash,role,username,welcome_pull_claimed,id) values (?,?,?,?,?,?,?,?,?,default)
Hibernate: select u1_0.id,u1_0.created_at,u1_0.email,u1_0.energy,u1_0.last_daily_pull_at,u1_0.last_energy_update,u1_0.password_hash,u1_0.role,u1_0.username,u1_0.welcome_pull_claimed from users u1_0 where u1_0.username=?
Hibernate: update users set email=?,energy=?,last_daily_pull_at=?,last_energy_update=?,password_hash=?,role=?,username=?,welcome_pull_claimed=? where id=?
]]></system-out>
  </testcase>
</testsuite>